PS C:\Users\gelio> yc compute instance create --name clickhouse-node --ssh-key C:\Users\gelio\.ssh\id_ed25519.pub --create-boot-disk image-folder-id=standard-images,image-family=ubuntu-2204-lts,size=100,auto-delete=true --network-interface subnet-name=default-ru-central1-a,nat-ip-version=ipv4 --memory 16G --cores 4 --zone ru-central1-a --hostname clickhouse-node
done (36s)
id: fhmd3s83df75fmhb0tk5
folder_id: b1g6vk007qmrtar4ob4e
created_at: "2024-02-01T18:22:30Z"
name: clickhouse-node
zone_id: ru-central1-a
platform_id: standard-v2
resources:
  memory: "17179869184"
  cores: "4"
  core_fraction: "100"
status: RUNNING
metadata_options:
  gce_http_endpoint: ENABLED
  aws_v1_http_endpoint: ENABLED
  gce_http_token: ENABLED
  aws_v1_http_token: DISABLED
boot_disk:
  mode: READ_WRITE
  device_name: fhm8vbt04tv9nr5af0s5
  auto_delete: true
  disk_id: fhm8vbt04tv9nr5af0s5
network_interfaces:
  - index: "0"
    mac_address: d0:0d:d1:f1:03:6b
    subnet_id: e9bkndo1b6jlcqjic20u
    primary_v4_address:
      address: 10.128.0.19
      one_to_one_nat:
        address: 51.250.81.47
        ip_version: IPV4
gpu_settings: {}
fqdn: clickhouse-node.ru-central1.internal
scheduling_policy: {}
network_settings:
  type: STANDARD
placement_policy: {}